<?xml version="1.0" encoding="UTF-8"?>
<!-- Generated by org.testng.reporters.JUnitReportReporter -->
<testsuite skipped="0" hostname="LAPTOP-J620CCJO" name="com.allam.automationgit.Testjunit" tests="1" failures="0" timestamp="15 Sep 2017 10:10:24 GMT" time="11.056" errors="0">
  <testcase name="sampletest" time="11.056" classname="com.allam.automationgit.Testjunit"/>
</testsuite> <!-- com.allam.automationgit.Testjunit -->
